Pipeline started: 2026-06-29 10:21
Tier 3 results already collected (from earlier tier3.py run)

Tier 3 corrected results already exist, skipping Tier 3 baseline run


===========================================================================
  TIER 3 CORRECTED RESULTS (5 epochs)
===========================================================================
Experiment         MPJPE_last MPJPE_best    P-MPJPE  Δ vs base
------------------ ---------- ---------- ---------- ----------
A1_baseline_5ep         111.4      111.4       79.1       +0.0
===========================================================================


###########################################################################
#  TIER 4: Full training (30 epochs) — Top 2 + Baseline
###########################################################################

======================================================================
  TIER4: B1_hypergcn (30 epochs)
  Config: exp_B1_hypergcn.yaml
  Output: /home/ubuntu/experiments/kinecmamba/experiments/results/tier4/B1_hypergcn
======================================================================
  FOUND checkpoint epoch 24 at: /home/ubuntu/experiments/kinecmamba/experiments/results/tier4/B1_hypergcn_2026_06_29_T_10_06_05/latest_epoch.bin
  Will resume → 30 epochs total
  Started: 2026-06-29 10:21
  Finished: 12:23 (121.6 min)
  MPJPE last epoch: 54.41
  MPJPE best epoch: 54.41
  P-MPJPE last:     44.68
  P-MPJPE best:     44.59
  [saved] /home/ubuntu/experiments/kinecmamba/experiments/results/tier4/tier4_results.csv

--- Git push: exp/tier4: B1_hypergcn complete (30 epochs) ---
